Jan 07 2024 21:20:59
{"Number":8192,"Message":"rtrim(): Passing null to parameter #1 ($string) of type string is deprecated","File":"C:\\Users\\Andrew\\OneDrive\\Desktop\\www\\ladderspike\\wp-includes\\formatting.php","Line":2831}

Jan 07 2024 21:20:59
{"Number":8192,"Message":"rtrim(): Passing null to parameter #1 ($string) of type string is deprecated","File":"C:\\Users\\Andrew\\OneDrive\\Desktop\\www\\ladderspike\\wp-includes\\formatting.php","Line":2831}

Jan 07 2024 21:20:59
{"Number":8192,"Message":"rtrim(): Passing null to parameter #1 ($string) of type string is deprecated","File":"C:\\Users\\Andrew\\OneDrive\\Desktop\\www\\ladderspike\\wp-includes\\formatting.php","Line":2831}

Jan 07 2024 21:20:59
{"Number":8192,"Message":"rtrim(): Passing null to parameter #1 ($string) of type string is deprecated","File":"C:\\Users\\Andrew\\OneDrive\\Desktop\\www\\ladderspike\\wp-includes\\formatting.php","Line":2831}

Jan 07 2024 21:20:59
{"Number":8192,"Message":"rtrim(): Passing null to parameter #1 ($string) of type string is deprecated","File":"C:\\Users\\Andrew\\OneDrive\\Desktop\\www\\ladderspike\\wp-includes\\formatting.php","Line":2831}

Jan 07 2024 21:20:59
{"Number":8192,"Message":"rtrim(): Passing null to parameter #1 ($string) of type string is deprecated","File":"C:\\Users\\Andrew\\OneDrive\\Desktop\\www\\ladderspike\\wp-includes\\formatting.php","Line":2831}

Jan 07 2024 21:20:59
{"Number":8192,"Message":"rtrim(): Passing null to parameter #1 ($string) of type string is deprecated","File":"C:\\Users\\Andrew\\OneDrive\\Desktop\\www\\ladderspike\\wp-includes\\formatting.php","Line":2831}

Jan 07 2024 21:20:59
{"Number":8192,"Message":"rtrim(): Passing null to parameter #1 ($string) of type string is deprecated","File":"C:\\Users\\Andrew\\OneDrive\\Desktop\\www\\ladderspike\\wp-includes\\formatting.php","Line":2831}

Jan 07 2024 21:20:59
{"Number":8192,"Message":"rtrim(): Passing null to parameter #1 ($string) of type string is deprecated","File":"C:\\Users\\Andrew\\OneDrive\\Desktop\\www\\ladderspike\\wp-includes\\formatting.php","Line":2831}

Jan 07 2024 21:20:59
{"Number":8192,"Message":"rtrim(): Passing null to parameter #1 ($string) of type string is deprecated","File":"C:\\Users\\Andrew\\OneDrive\\Desktop\\www\\ladderspike\\wp-includes\\formatting.php","Line":2831}

Jan 07 2024 21:20:59
{"Number":8192,"Message":"rtrim(): Passing null to parameter #1 ($string) of type string is deprecated","File":"C:\\Users\\Andrew\\OneDrive\\Desktop\\www\\ladderspike\\wp-includes\\formatting.php","Line":2831}

Jan 07 2024 21:20:59
{"Number":8192,"Message":"rtrim(): Passing null to parameter #1 ($string) of type string is deprecated","File":"C:\\Users\\Andrew\\OneDrive\\Desktop\\www\\ladderspike\\wp-includes\\formatting.php","Line":2831}

Jan 07 2024 21:20:59
{"Number":8192,"Message":"rtrim(): Passing null to parameter #1 ($string) of type string is deprecated","File":"C:\\Users\\Andrew\\OneDrive\\Desktop\\www\\ladderspike\\wp-includes\\formatting.php","Line":2831}

Jan 07 2024 21:20:59
{"Number":8192,"Message":"rtrim(): Passing null to parameter #1 ($string) of type string is deprecated","File":"C:\\Users\\Andrew\\OneDrive\\Desktop\\www\\ladderspike\\wp-includes\\formatting.php","Line":2831}

Jan 07 2024 21:20:59
{"Number":8192,"Message":"rtrim(): Passing null to parameter #1 ($string) of type string is deprecated","File":"C:\\Users\\Andrew\\OneDrive\\Desktop\\www\\ladderspike\\wp-includes\\formatting.php","Line":2831}

Jan 07 2024 21:20:59
{"Number":8192,"Message":"rtrim(): Passing null to parameter #1 ($string) of type string is deprecated","File":"C:\\Users\\Andrew\\OneDrive\\Desktop\\www\\ladderspike\\wp-includes\\formatting.php","Line":2831}

Jan 07 2024 21:20:59
{"Number":8192,"Message":"rtrim(): Passing null to parameter #1 ($string) of type string is deprecated","File":"C:\\Users\\Andrew\\OneDrive\\Desktop\\www\\ladderspike\\wp-includes\\formatting.php","Line":2831}

Jan 07 2024 21:20:59
{"Number":8192,"Message":"rtrim(): Passing null to parameter #1 ($string) of type string is deprecated","File":"C:\\Users\\Andrew\\OneDrive\\Desktop\\www\\ladderspike\\wp-includes\\formatting.php","Line":2831}

Jan 07 2024 21:20:59
{"Number":8192,"Message":"rtrim(): Passing null to parameter #1 ($string) of type string is deprecated","File":"C:\\Users\\Andrew\\OneDrive\\Desktop\\www\\ladderspike\\wp-includes\\formatting.php","Line":2831}

Jan 07 2024 21:20:59
{"Number":8192,"Message":"rtrim(): Passing null to parameter #1 ($string) of type string is deprecated","File":"C:\\Users\\Andrew\\OneDrive\\Desktop\\www\\ladderspike\\wp-includes\\formatting.php","Line":2831}

Jan 07 2024 21:20:59
{"Number":8192,"Message":"rtrim(): Passing null to parameter #1 ($string) of type string is deprecated","File":"C:\\Users\\Andrew\\OneDrive\\Desktop\\www\\ladderspike\\wp-includes\\formatting.php","Line":2831}

Jan 07 2024 21:20:59
{"Number":8192,"Message":"rtrim(): Passing null to parameter #1 ($string) of type string is deprecated","File":"C:\\Users\\Andrew\\OneDrive\\Desktop\\www\\ladderspike\\wp-includes\\formatting.php","Line":2831}

Jan 07 2024 21:20:59
{"Number":8192,"Message":"rtrim(): Passing null to parameter #1 ($string) of type string is deprecated","File":"C:\\Users\\Andrew\\OneDrive\\Desktop\\www\\ladderspike\\wp-includes\\formatting.php","Line":2831}

Jan 07 2024 21:20:59
{"Number":8192,"Message":"rtrim(): Passing null to parameter #1 ($string) of type string is deprecated","File":"C:\\Users\\Andrew\\OneDrive\\Desktop\\www\\ladderspike\\wp-includes\\formatting.php","Line":2831}

Jan 07 2024 21:20:59
{"Number":8192,"Message":"rtrim(): Passing null to parameter #1 ($string) of type string is deprecated","File":"C:\\Users\\Andrew\\OneDrive\\Desktop\\www\\ladderspike\\wp-includes\\formatting.php","Line":2831}

Jan 07 2024 21:20:59
{"Number":8192,"Message":"rtrim(): Passing null to parameter #1 ($string) of type string is deprecated","File":"C:\\Users\\Andrew\\OneDrive\\Desktop\\www\\ladderspike\\wp-includes\\formatting.php","Line":2831}

Jan 07 2024 21:20:59
{"Number":8192,"Message":"rtrim(): Passing null to parameter #1 ($string) of type string is deprecated","File":"C:\\Users\\Andrew\\OneDrive\\Desktop\\www\\ladderspike\\wp-includes\\formatting.php","Line":2831}

Jan 07 2024 21:20:59
{"Number":8192,"Message":"rtrim(): Passing null to parameter #1 ($string) of type string is deprecated","File":"C:\\Users\\Andrew\\OneDrive\\Desktop\\www\\ladderspike\\wp-includes\\formatting.php","Line":2831}

Jan 07 2024 21:20:59
{"Number":8192,"Message":"rtrim(): Passing null to parameter #1 ($string) of type string is deprecated","File":"C:\\Users\\Andrew\\OneDrive\\Desktop\\www\\ladderspike\\wp-includes\\formatting.php","Line":2831}

Jan 07 2024 21:20:59
{"Number":8192,"Message":"rtrim(): Passing null to parameter #1 ($string) of type string is deprecated","File":"C:\\Users\\Andrew\\OneDrive\\Desktop\\www\\ladderspike\\wp-includes\\formatting.php","Line":2831}

Jan 07 2024 21:20:59
{"Number":8192,"Message":"rtrim(): Passing null to parameter #1 ($string) of type string is deprecated","File":"C:\\Users\\Andrew\\OneDrive\\Desktop\\www\\ladderspike\\wp-includes\\formatting.php","Line":2831}

Jan 07 2024 21:20:59
{"Number":8192,"Message":"rtrim(): Passing null to parameter #1 ($string) of type string is deprecated","File":"C:\\Users\\Andrew\\OneDrive\\Desktop\\www\\ladderspike\\wp-includes\\formatting.php","Line":2831}

Jan 07 2024 21:20:59
{"Number":8192,"Message":"rtrim(): Passing null to parameter #1 ($string) of type string is deprecated","File":"C:\\Users\\Andrew\\OneDrive\\Desktop\\www\\ladderspike\\wp-includes\\formatting.php","Line":2831}

Jan 07 2024 21:20:59
{"Number":8192,"Message":"rtrim(): Passing null to parameter #1 ($string) of type string is deprecated","File":"C:\\Users\\Andrew\\OneDrive\\Desktop\\www\\ladderspike\\wp-includes\\formatting.php","Line":2831}

Jan 07 2024 21:20:59
{"Number":8192,"Message":"rtrim(): Passing null to parameter #1 ($string) of type string is deprecated","File":"C:\\Users\\Andrew\\OneDrive\\Desktop\\www\\ladderspike\\wp-includes\\formatting.php","Line":2831}

Jan 07 2024 21:20:59
{"Number":8192,"Message":"rtrim(): Passing null to parameter #1 ($string) of type string is deprecated","File":"C:\\Users\\Andrew\\OneDrive\\Desktop\\www\\ladderspike\\wp-includes\\formatting.php","Line":2831}

Jan 07 2024 21:21:04
{"Number":8192,"Message":"Return type of ActionScheduler_DateTime::setTimezone($timezone) should either be compatible with DateTime::setTimezone(DateTimeZone $timezone): DateTime, or the #[\\ReturnTypeWillChange] attribute should be used to temporarily suppress the notice","File":"C:\\Users\\Andrew\\OneDrive\\Desktop\\www\\ladderspike\\wp-content\\plugins\\wpforms-lite\\vendor\\woocommerce\\action-scheduler\\classes\\ActionScheduler_DateTime.php","Line":60}

Jan 07 2024 21:21:04
{"Number":8192,"Message":"Return type of ActionScheduler_DateTime::getOffset() should either be compatible with DateTime::getOffset(): int, or the #[\\ReturnTypeWillChange] attribute should be used to temporarily suppress the notice","File":"C:\\Users\\Andrew\\OneDrive\\Desktop\\www\\ladderspike\\wp-content\\plugins\\wpforms-lite\\vendor\\woocommerce\\action-scheduler\\classes\\ActionScheduler_DateTime.php","Line":48}

Jan 07 2024 21:21:04
{"Number":8192,"Message":"Return type of ActionScheduler_DateTime::getTimestamp() should either be compatible with DateTime::getTimestamp(): int, or the #[\\ReturnTypeWillChange] attribute should be used to temporarily suppress the notice","File":"C:\\Users\\Andrew\\OneDrive\\Desktop\\www\\ladderspike\\wp-content\\plugins\\wpforms-lite\\vendor\\woocommerce\\action-scheduler\\classes\\ActionScheduler_DateTime.php","Line":27}

Jan 07 2024 21:21:04
{"Number":8192,"Message":"DateTime::__construct(): Passing null to parameter #1 ($datetime) of type string is deprecated","File":"C:\\Users\\Andrew\\OneDrive\\Desktop\\www\\ladderspike\\wp-content\\plugins\\wpforms-lite\\vendor\\woocommerce\\action-scheduler\\functions.php","Line":316}

